app/build/intermediates/manifest_merge_blame_file/debug/manifest-merger-blame-debug-report.txt
1<?xml version="1.0" encoding="utf-8"?>
2<manifest xmlns:android="http://schemas.android.com/apk/res/android"
3    package="com.chareem.customCamera.sujaul"
4    android:versionCode="11"
5    android:versionName="1.0.2" >
6
7    <uses-sdk
8        android:minSdkVersion="19"
8-->src/main/AndroidManifest.xml
9        android:targetSdkVersion="31" />
9-->src/main/AndroidManifest.xml
10
11    <uses-permission android:name="android.permission.ACCESS_NETWORK_STATE" />
11-->src/main/AndroidManifest.xml:4:5-79
11-->src/main/AndroidManifest.xml:4:22-76
12    <uses-permission android:name="android.permission.INTERNET" />
12-->src/main/AndroidManifest.xml:5:5-67
12-->src/main/AndroidManifest.xml:5:22-64
13    <uses-permission android:name="android.permission.CAMERA" />
13-->src/main/AndroidManifest.xml:6:5-65
13-->src/main/AndroidManifest.xml:6:22-62
14    <uses-permission android:name="android.permission.RECORD_AUDIO" />
14-->src/main/AndroidManifest.xml:7:5-71
14-->src/main/AndroidManifest.xml:7:22-68
15    <uses-permission android:name="android.permission.ACCESS_FINE_LOCATION" />
15-->src/main/AndroidManifest.xml:8:5-79
15-->src/main/AndroidManifest.xml:8:22-76
16    <uses-permission android:name="android.permission.ACCESS_COARSE_LOCATION" />
16-->src/main/AndroidManifest.xml:9:5-81
16-->src/main/AndroidManifest.xml:9:22-78
17    <uses-permission android:name="android.permission.ACCESS_MEDIA_LOCATION" />
17-->src/main/AndroidManifest.xml:11:5-80
17-->src/main/AndroidManifest.xml:11:22-77
18    <uses-permission android:name="android.permission.WRITE_EXTERNAL_STORAGE" />
18-->src/main/AndroidManifest.xml:12:5-81
18-->src/main/AndroidManifest.xml:12:22-78
19    <uses-permission android:name="android.permission.READ_EXTERNAL_STORAGE" />
19-->src/main/AndroidManifest.xml:13:5-80
19-->src/main/AndroidManifest.xml:13:22-77
20
21    <uses-feature
21-->[:chareemCamera] AndroidManifest.xml:21:5-23:35
22        android:name="android.hardware.camera"
22-->[:chareemCamera] AndroidManifest.xml:22:9-47
23        android:required="true" />
23-->[:chareemCamera] AndroidManifest.xml:23:9-32
24    <uses-feature
24-->[:chareemCamera] AndroidManifest.xml:24:5-26:36
25        android:name="android.hardware.camera.autofocus"
25-->[:chareemCamera] AndroidManifest.xml:25:9-57
26        android:required="false" />
26-->[:chareemCamera] AndroidManifest.xml:26:9-33
27    <uses-feature
27-->[:chareemCamera] AndroidManifest.xml:27:5-29:36
28        android:name="android.hardware.telephony"
28-->[:chareemCamera] AndroidManifest.xml:28:9-50
29        android:required="false" />
29-->[:chareemCamera] AndroidManifest.xml:29:9-33
30    <uses-feature
30-->[com.google.android.gms:play-services-maps:17.0.0] AndroidManifest.xml:26:5-28:35
31        android:glEsVersion="0x00020000"
31-->[com.google.android.gms:play-services-maps:17.0.0] AndroidManifest.xml:27:9-41
32        android:required="true" />
32-->[com.google.android.gms:play-services-maps:17.0.0] AndroidManifest.xml:28:9-32
33
34    <application
34-->src/main/AndroidManifest.xml:15:5-31:19
35        android:name="androidx.multidex.MultiDexApplication"
36        android:allowBackup="true"
36-->src/main/AndroidManifest.xml:16:9-35
37        android:appComponentFactory="androidx.core.app.CoreComponentFactory"
37-->[androidx.core:core:1.5.0] AndroidManifest.xml:24:18-86
38        android:debuggable="true"
39        android:icon="@mipmap/ic_camera"
39-->src/main/AndroidManifest.xml:17:9-41
40        android:label="@string/app_name"
40-->src/main/AndroidManifest.xml:18:9-41
41        android:supportsRtl="true"
41-->src/main/AndroidManifest.xml:19:9-35
42        android:testOnly="true"
43        android:theme="@style/AppTheme" >
43-->src/main/AndroidManifest.xml:20:9-40
44
45        <!-- android:icon="@mipmap/ic_launcher" -->
46
47        <activity android:name="com.chareem.customCamera.sample.MainActivity" >
47-->src/main/AndroidManifest.xml:23:9-30:20
47-->src/main/AndroidManifest.xml:23:19-78
48            <intent-filter>
48-->src/main/AndroidManifest.xml:24:13-29:29
49                <action android:name="android.intent.action.MAIN" />
49-->src/main/AndroidManifest.xml:25:17-69
49-->src/main/AndroidManifest.xml:25:25-66
50
51                <category android:name="android.intent.category.DEFAULT" />
51-->src/main/AndroidManifest.xml:27:17-76
51-->src/main/AndroidManifest.xml:27:27-73
52                <category android:name="android.intent.category.LAUNCHER" />
52-->src/main/AndroidManifest.xml:28:17-77
52-->src/main/AndroidManifest.xml:28:27-74
53            </intent-filter>
54        </activity>
55        <activity
55-->[:chareemCamera] AndroidManifest.xml:32:9-35:54
56            android:name="com.chareem.customCamera.sujaul.ui.camera.Camera1Activity"
56-->[:chareemCamera] AndroidManifest.xml:33:13-85
57            android:screenOrientation="portrait"
57-->[:chareemCamera] AndroidManifest.xml:34:13-49
58            android:theme="@style/ThemeFullscreen" />
58-->[:chareemCamera] AndroidManifest.xml:35:13-51
59        <activity
59-->[:chareemCamera] AndroidManifest.xml:36:9-39:54
60            android:name="com.chareem.customCamera.sujaul.ui.camera2.Camera2Activity"
60-->[:chareemCamera] AndroidManifest.xml:37:13-86
61            android:screenOrientation="portrait"
61-->[:chareemCamera] AndroidManifest.xml:38:13-49
62            android:theme="@style/ThemeFullscreen" />
62-->[:chareemCamera] AndroidManifest.xml:39:13-51
63        <activity
63-->[:chareemCamera] AndroidManifest.xml:40:9-43:54
64            android:name="com.chareem.customCamera.sujaul.ui.preview.PreviewActivity"
64-->[:chareemCamera] AndroidManifest.xml:41:13-86
65            android:screenOrientation="portrait"
65-->[:chareemCamera] AndroidManifest.xml:42:13-49
66            android:theme="@style/ThemeFullscreen" />
66-->[:chareemCamera] AndroidManifest.xml:43:13-51
67        <activity
67-->[:chareemCamera] AndroidManifest.xml:44:9-47:59
68            android:name="com.yalantis.ucrop.UCropActivity"
68-->[:chareemCamera] AndroidManifest.xml:45:13-60
69            android:screenOrientation="portrait"
69-->[:chareemCamera] AndroidManifest.xml:46:13-49
70            android:theme="@style/ThemeFullscreen.Crop" />
70-->[:chareemCamera] AndroidManifest.xml:47:13-56
71        <activity
71-->[com.karumi:dexter:6.0.1] AndroidManifest.xml:27:9-29:72
72            android:name="com.karumi.dexter.DexterActivity"
72-->[com.karumi:dexter:6.0.1] AndroidManifest.xml:28:13-60
73            android:theme="@style/Dexter.Internal.Theme.Transparent" /> <!-- Needs to be explicitly declared on P+ -->
73-->[com.karumi:dexter:6.0.1] AndroidManifest.xml:29:13-69
74        <uses-library
74-->[com.google.android.gms:play-services-maps:17.0.0] AndroidManifest.xml:33:9-35:40
75            android:name="org.apache.http.legacy"
75-->[com.google.android.gms:play-services-maps:17.0.0] AndroidManifest.xml:34:13-50
76            android:required="false" />
76-->[com.google.android.gms:play-services-maps:17.0.0] AndroidManifest.xml:35:13-37
77
78        <activity
78-->[com.google.android.gms:play-services-base:17.5.0] AndroidManifest.xml:23:9-26:75
79            android:name="com.google.android.gms.common.api.GoogleApiActivity"
79-->[com.google.android.gms:play-services-base:17.5.0] AndroidManifest.xml:24:13-79
80            android:exported="false"
80-->[com.google.android.gms:play-services-base:17.5.0] AndroidManifest.xml:25:13-37
81            android:theme="@android:style/Theme.Translucent.NoTitleBar" />
81-->[com.google.android.gms:play-services-base:17.5.0] AndroidManifest.xml:26:13-72
82
83        <meta-data
83-->[com.google.android.gms:play-services-basement:17.5.0] AndroidManifest.xml:23:9-25:69
84            android:name="com.google.android.gms.version"
84-->[com.google.android.gms:play-services-basement:17.5.0] AndroidManifest.xml:24:13-58
85            android:value="@integer/google_play_services_version" />
85-->[com.google.android.gms:play-services-basement:17.5.0] AndroidManifest.xml:25:13-66
86    </application>
87
88</manifest>